This file contains any messages produced by compilers while
running configure, to aid debugging if configure makes a mistake.

It was created by configure, which was
generated by GNU Autoconf 2.69.  Invocation command line was

  $ ./configure --with-jdk=/Library/Java/JavaVirtualMachines/jdk1.8.0_45.jdk/Contents/Home

## --------- ##
## Platform. ##
## --------- ##

hostname = dumle.irfu.se
uname -m = x86_64
uname -r = 14.3.0
uname -s = Darwin
uname -v = Darwin Kernel Version 14.3.0: Mon Mar 23 11:59:05 PDT 2015; root:xnu-2782.20.48~5/RELEASE_X86_64

/usr/bin/uname -p = i386
/bin/uname -X     = unknown

/bin/arch              = unknown
/usr/bin/arch -k       = unknown
/usr/convex/getsysinfo = unknown
/usr/bin/hostinfo      = Mach kernel version:
	 Darwin Kernel Version 14.3.0: Mon Mar 23 11:59:05 PDT 2015; root:xnu-2782.20.48~5/RELEASE_X86_64
Kernel configured for up to 4 processors.
4 processors are physically available.
4 processors are logically available.
Processor type: i486 (Intel 80486)
Processors active: 0 1 2 3
Primary memory available: 8.00 gigabytes
Default processor set: 231 tasks, 1413 threads, 4 processors
Load average: 1.51, Mach factor: 2.48
/bin/machine           = unknown
/usr/bin/oslevel       = unknown
/bin/universe          = unknown

PATH: /usr/local/bin
PATH: /usr/bin
PATH: /bin
PATH: /usr/sbin
PATH: /sbin
PATH: /opt/X11/bin


## ----------- ##
## Core tests. ##
## ----------- ##

configure:1799: checking build system type
configure:1813: result: i386-apple-darwin14.3.0
configure:1833: checking host system type
configure:1846: result: i386-apple-darwin14.3.0
configure:1943: checking for gcc
configure:1959: found /usr/bin/gcc
configure:1970: result: gcc
configure:2199: checking for C compiler version
configure:2208: gcc --version >&5
Apple LLVM version 6.1.0 (clang-602.0.53) (based on LLVM 3.6.0svn)
Target: x86_64-apple-darwin14.3.0
Thread model: posix
Configured with: --prefix=/Applications/Xcode.app/Contents/Developer/usr --with-gxx-include-dir=/Applications/Xcode.app/Contents/Developer/Platforms/MacOSX.platform/Developer/SDKs/MacOSX10.10.sdk/usr/include/c++/4.2.1
configure:2219: $? = 0
configure:2208: gcc -v >&5
Configured with: --prefix=/Applications/Xcode.app/Contents/Developer/usr --with-gxx-include-dir=/Applications/Xcode.app/Contents/Developer/Platforms/MacOSX.platform/Developer/SDKs/MacOSX10.10.sdk/usr/include/c++/4.2.1
Apple LLVM version 6.1.0 (clang-602.0.53) (based on LLVM 3.6.0svn)
Target: x86_64-apple-darwin14.3.0
Thread model: posix
configure:2219: $? = 0
configure:2208: gcc -V >&5
clang: error: argument to '-V' is missing (expected 1 value)
clang: error: no input files
configure:2219: $? = 1
configure:2208: gcc -qversion >&5
clang: error: unknown argument: '-qversion'
clang: error: no input files
configure:2219: $? = 1
configure:2239: checking whether the C compiler works
configure:2261: gcc    conftest.c  >&5
configure:2265: $? = 0
configure:2313: result: yes
configure:2316: checking for C compiler default output file name
configure:2318: result: a.out
configure:2324: checking for suffix of executables
configure:2331: gcc -o conftest    conftest.c  >&5
configure:2335: $? = 0
configure:2357: result: 
configure:2379: checking whether we are cross compiling
configure:2387: gcc -o conftest    conftest.c  >&5
configure:2391: $? = 0
configure:2398: ./conftest
configure:2402: $? = 0
configure:2417: result: no
configure:2422: checking for suffix of object files
configure:2444: gcc -c   conftest.c >&5
configure:2448: $? = 0
configure:2469: result: o
configure:2473: checking whether we are using the GNU C compiler
configure:2492: gcc -c   conftest.c >&5
configure:2492: $? = 0
configure:2501: result: yes
configure:2510: checking whether gcc accepts -g
configure:2530: gcc -c -g  conftest.c >&5
configure:2530: $? = 0
configure:2571: result: yes
configure:2588: checking for gcc option to accept ISO C89
configure:2651: gcc  -c -g -O2  conftest.c >&5
configure:2651: $? = 0
configure:2664: result: none needed
configure:2688: checking for rm
configure:2704: found /bin/rm
configure:2715: result: rm
configure:2741: checking for a BSD-compatible install
configure:2809: result: /usr/bin/install -c
configure:2882: checking for an ANSI C-conforming const
configure:2948: gcc -c -O3 -mmacosx-version-min=10.8  conftest.c >&5
configure:2948: $? = 0
configure:2955: result: yes
configure:2964: checking install path of JDK
configure:2988: result: /Library/Java/JavaVirtualMachines/jdk1.8.0_45.jdk/Contents/Home
configure:2999: checking version of JDK
configure:3006: result: 1.8.0_45
configure:3053: checking if we target for a specific JRE
configure:3062: result: no
configure:3227: creating ./config.status

## ---------------------- ##
## Running config.status. ##
## ---------------------- ##

This file was extended by config.status, which was
generated by GNU Autoconf 2.69.  Invocation command line was

  CONFIG_FILES    = 
  CONFIG_HEADERS  = 
  CONFIG_LINKS    = 
  CONFIG_COMMANDS = 
  $ ./config.status 

on dumle.irfu.se

config.status:746: creating Makefile

## ---------------- ##
## Cache variables. ##
## ---------------- ##

ac_cv_build=i386-apple-darwin14.3.0
ac_cv_c_compiler_gnu=yes
ac_cv_c_const=yes
ac_cv_env_CC_set=
ac_cv_env_CC_value=
ac_cv_env_CFLAGS_set=
ac_cv_env_CFLAGS_value=
ac_cv_env_CPPFLAGS_set=
ac_cv_env_CPPFLAGS_value=
ac_cv_env_LDFLAGS_set=
ac_cv_env_LDFLAGS_value=
ac_cv_env_LIBS_set=
ac_cv_env_LIBS_value=
ac_cv_env_build_alias_set=
ac_cv_env_build_alias_value=
ac_cv_env_host_alias_set=
ac_cv_env_host_alias_value=
ac_cv_env_target_alias_set=
ac_cv_env_target_alias_value=
ac_cv_host=i386-apple-darwin14.3.0
ac_cv_java_home=/Library/Java/JavaVirtualMachines/jdk1.8.0_45.jdk/Contents/Home
ac_cv_jdk_version=1.8.0_45
ac_cv_objext=o
ac_cv_path_install='/usr/bin/install -c'
ac_cv_prog_RM=rm
ac_cv_prog_ac_ct_CC=gcc
ac_cv_prog_cc_c89=
ac_cv_prog_cc_g=yes

## ----------------- ##
## Output variables. ##
## ----------------- ##

ARCH=''
BUILD_DIR='/Users/frejon/OVT/ovt/WindowsOVTfiles/libovtwin'
CC='gcc'
CFLAGS='-O3 -mmacosx-version-min=10.8'
CPPFLAGS=''
DEFS='-DPACKAGE_NAME=\"\" -DPACKAGE_TARNAME=\"\" -DPACKAGE_VERSION=\"\" -DPACKAGE_STRING=\"\" -DPACKAGE_BUGREPORT=\"\" -DPACKAGE_URL=\"\"'
ECHO_C='\c'
ECHO_N=''
ECHO_T=''
EXEEXT=''
INSTALL_DATA='${INSTALL} -m 644'
INSTALL_PROGRAM='${INSTALL}'
INSTALL_SCRIPT='${INSTALL}'
JAVACFLAGS=''
JAVA_HOME='/Library/Java/JavaVirtualMachines/jdk1.8.0_45.jdk/Contents/Home'
JAVA_INCLUDES='-I/Library/Java/JavaVirtualMachines/jdk1.8.0_45.jdk/Contents/Home/include'
JAVA_INCLUDES_OS='-I/Library/Java/JavaVirtualMachines/jdk1.8.0_45.jdk/Contents/Home/include/darwin'
JAVA_LIBS_OS='-I/Library/Java/JavaVirtualMachines/jdk1.8.0_45.jdk/Contents/Home/jre/lib/i386:/Library/Java/JavaVirtualMachines/jdk1.8.0_45.jdk/Contents/Home/jre/lib/i386/xawt'
JAVA_SHLIB_SUFFIX='.jnilib'
LDFLAGS=''
LIBOBJS=''
LIBS=''
LTLIBOBJS=''
OBJEXT='o'
PACKAGE_BUGREPORT=''
PACKAGE_NAME=''
PACKAGE_STRING=''
PACKAGE_TARNAME=''
PACKAGE_URL=''
PACKAGE_VERSION=''
PATH_SEPARATOR=':'
PLATFORM='darwin'
RM='rm'
SHELL='/bin/sh'
SHLIB_BUILD_FLAGS='-dynamiclib'
SHLIB_CFLAGS='-fPIC'
SHLIB_PREFIX='lib'
SHLIB_SUFFIX='.dylib'
ac_ct_CC='gcc'
bindir='${exec_prefix}/bin'
build='i386-apple-darwin14.3.0'
build_alias=''
build_cpu='i386'
build_os='darwin14.3.0'
build_vendor='apple'
datadir='${datarootdir}'
datarootdir='${prefix}/share'
docdir='${datarootdir}/doc/${PACKAGE}'
dvidir='${docdir}'
exec_prefix='${prefix}'
host='i386-apple-darwin14.3.0'
host_alias=''
host_cpu='i386'
host_os='darwin14.3.0'
host_vendor='apple'
htmldir='${docdir}'
includedir='${prefix}/include'
infodir='${datarootdir}/info'
libdir='${exec_prefix}/lib'
libexecdir='${exec_prefix}/libexec'
localedir='${datarootdir}/locale'
localstatedir='${prefix}/var'
mandir='${datarootdir}/man'
oldincludedir='/usr/include'
ovtversion='3.0'
pdfdir='${docdir}'
prefix='/usr/local'
program_transform_name='s,x,x,'
psdir='${docdir}'
sbindir='${exec_prefix}/sbin'
sharedstatedir='${prefix}/com'
sysconfdir='${prefix}/etc'
target_alias=''

## ----------- ##
## confdefs.h. ##
## ----------- ##

/* confdefs.h */
#define PACKAGE_NAME ""
#define PACKAGE_TARNAME ""
#define PACKAGE_VERSION ""
#define PACKAGE_STRING ""
#define PACKAGE_BUGREPORT ""
#define PACKAGE_URL ""

configure: exit 0
