This file contains any messages produced by compilers while
running configure, to aid debugging if configure makes a mistake.

It was created by configure, which was
generated by GNU Autoconf 2.69.  Invocation command line was

  $ ./configure --with-jdk=C:/Users/frejon/Desktop/jre1.8.0_51

## --------- ##
## Platform. ##
## --------- ##

hostname = Jan-FujitsuE743
uname -m = i686
uname -r = 1.0.18(0.48/3/2)
uname -s = MINGW32_NT-6.1
uname -v = 2012-11-21 22:34

/usr/bin/uname -p = unknown
/bin/uname -X     = unknown

/bin/arch              = unknown
/usr/bin/arch -k       = unknown
/usr/convex/getsysinfo = unknown
/usr/bin/hostinfo      = unknown
/bin/machine           = unknown
/usr/bin/oslevel       = unknown
/bin/universe          = unknown

PATH: .
PATH: /usr/local/bin
PATH: /mingw/bin
PATH: /bin
PATH: /c/Perl64/site/bin
PATH: /c/Perl64/bin
PATH: /c/ProgramData/Oracle/Java/javapath
PATH: /c/Program Files (x86)/Intel/iCLS Client/
PATH: /c/Program Files/Intel/iCLS Client/
PATH: /c/Windows/system32
PATH: /c/Windows
PATH: /c/Windows/System32/Wbem
PATH: /c/Windows/System32/WindowsPowerShell/v1.0/
PATH: /c/Program Files/Intel/Intel(R) Management Engine Components/DAL
PATH: /c/Program Files/Intel/Intel(R) Management Engine Components/IPT
PATH: /c/Program Files (x86)/Intel/Intel(R) Management Engine Components/DAL
PATH: /c/Program Files (x86)/Intel/Intel(R) Management Engine Components/IPT
PATH: /c/Program Files (x86)/Intel/OpenCL SDK/2.0/bin/x86
PATH: /c/Program Files (x86)/Intel/OpenCL SDK/2.0/bin/x64
PATH: /c/Program Files/Intel/WiFi/bin/
PATH: /c/Program Files/Common Files/Intel/WirelessCommon/
PATH: /c/Program Files (x86)/QuickTime/QTSystem/
PATH: /c/Program Files (x86)/CMake/bin
PATH: /c/Program Files/doxygen/bin
PATH: /c/Program Files/Microsoft SQL Server/120/Tools/Binn/
PATH: .
PATH: /mingw2/bin


## ----------- ##
## Core tests. ##
## ----------- ##

configure:1799: checking build system type
configure:1813: result: i686-pc-mingw32
configure:1833: checking host system type
configure:1846: result: i686-pc-mingw32
configure:1943: checking for gcc
configure:1959: found /mingw2/bin/gcc
configure:1970: result: gcc
configure:2199: checking for C compiler version
configure:2208: gcc --version >&5
gcc.exe (GCC) 4.8.1
Copyright (C) 2013 Free Software Foundation, Inc.
This is free software; see the source for copying conditions.  There is NO
warranty; not even for MERCHANTABILITY or FITNESS FOR A PARTICULAR PURPOSE.

configure:2219: $? = 0
configure:2208: gcc -v >&5
Using built-in specs.
COLLECT_GCC=c:\mingw\bin\gcc.exe
COLLECT_LTO_WRAPPER=c:/mingw/bin/../libexec/gcc/mingw32/4.8.1/lto-wrapper.exe
Target: mingw32
Configured with: ../gcc-4.8.1/configure --prefix=/mingw --host=mingw32 --build=mingw32 --without-pic --enable-shared --enable-static --with-gnu-ld --enable-lto --enable-libssp --disable-multilib --enable-languages=c,c++,fortran,objc,obj-c++,ada --disable-sjlj-exceptions --with-dwarf2 --disable-win32-registry --enable-libstdcxx-debug --enable-version-specific-runtime-libs --with-gmp=/usr/src/pkg/gmp-5.1.2-1-mingw32-src/bld --with-mpc=/usr/src/pkg/mpc-1.0.1-1-mingw32-src/bld --with-mpfr= --with-system-zlib --with-gnu-as --enable-decimal-float=yes --enable-libgomp --enable-threads --with-libiconv-prefix=/mingw32 --with-libintl-prefix=/mingw --disable-bootstrap LDFLAGS=-s CFLAGS=-D_USE_32BIT_TIME_T
Thread model: win32
gcc version 4.8.1 (GCC) 
configure:2219: $? = 0
configure:2208: gcc -V >&5
gcc.exe: error: unrecognized command line option '-V'
gcc.exe: fatal error: no input files
compilation terminated.
configure:2219: $? = 1
configure:2208: gcc -qversion >&5
gcc.exe: error: unrecognized command line option '-qversion'
gcc.exe: fatal error: no input files
compilation terminated.
configure:2219: $? = 1
configure:2239: checking whether the C compiler works
configure:2261: gcc    conftest.c  >&5
configure:2265: $? = 0
configure:2313: result: yes
configure:2316: checking for C compiler default output file name
configure:2318: result: a.exe
configure:2324: checking for suffix of executables
configure:2331: gcc -o conftest.exe    conftest.c  >&5
configure:2335: $? = 0
configure:2357: result: .exe
configure:2379: checking whether we are cross compiling
configure:2387: gcc -o conftest.exe    conftest.c  >&5
configure:2391: $? = 0
configure:2398: ./conftest.exe
configure:2402: $? = 0
configure:2417: result: no
configure:2422: checking for suffix of object files
configure:2444: gcc -c   conftest.c >&5
configure:2448: $? = 0
configure:2469: result: o
configure:2473: checking whether we are using the GNU C compiler
configure:2492: gcc -c   conftest.c >&5
configure:2492: $? = 0
configure:2501: result: yes
configure:2510: checking whether gcc accepts -g
configure:2530: gcc -c -g  conftest.c >&5
configure:2530: $? = 0
configure:2571: result: yes
configure:2588: checking for gcc option to accept ISO C89
configure:2651: gcc  -c -g -O2  conftest.c >&5
configure:2651: $? = 0
configure:2664: result: none needed
configure:2688: checking for rm
configure:2704: found /bin/rm
configure:2715: result: rm
configure:2741: checking for a BSD-compatible install
configure:2809: result: /bin/install -c
configure:2882: checking for an ANSI C-conforming const
configure:2948: gcc -c -g -O2  conftest.c >&5
configure:2948: $? = 0
configure:2955: result: yes
configure:2964: checking install path of JDK
configure:2988: result: C:/Users/frejon/Desktop/jre1.8.0_51
configure:2999: checking version of JDK
configure:3006: result: 1.8.0_51
configure:3053: checking if we target for a specific JRE
configure:3062: result: no
configure:3227: creating ./config.status

## ---------------------- ##
## Running config.status. ##
## ---------------------- ##

This file was extended by config.status, which was
generated by GNU Autoconf 2.69.  Invocation command line was

  CONFIG_FILES    = 
  CONFIG_HEADERS  = 
  CONFIG_LINKS    = 
  CONFIG_COMMANDS = 
  $ ./config.status 

on Jan-FujitsuE743

config.status:745: creating Makefile

## ---------------- ##
## Cache variables. ##
## ---------------- ##

ac_cv_build=i686-pc-mingw32
ac_cv_c_compiler_gnu=yes
ac_cv_c_const=yes
ac_cv_env_CC_set=
ac_cv_env_CC_value=
ac_cv_env_CFLAGS_set=
ac_cv_env_CFLAGS_value=
ac_cv_env_CPPFLAGS_set=
ac_cv_env_CPPFLAGS_value=
ac_cv_env_LDFLAGS_set=
ac_cv_env_LDFLAGS_value=
ac_cv_env_LIBS_set=
ac_cv_env_LIBS_value=
ac_cv_env_build_alias_set=
ac_cv_env_build_alias_value=
ac_cv_env_host_alias_set=
ac_cv_env_host_alias_value=
ac_cv_env_target_alias_set=
ac_cv_env_target_alias_value=
ac_cv_exeext=.exe
ac_cv_host=i686-pc-mingw32
ac_cv_java_home=C:/Users/frejon/Desktop/jre1.8.0_51
ac_cv_jdk_version=1.8.0_51
ac_cv_objext=o
ac_cv_path_install='/bin/install -c'
ac_cv_prog_RM=rm
ac_cv_prog_ac_ct_CC=gcc
ac_cv_prog_cc_c89=
ac_cv_prog_cc_g=yes

## ----------------- ##
## Output variables. ##
## ----------------- ##

ARCH=''
BUILD_DIR='/libovt'
CC='gcc'
CFLAGS='-g -O2'
CPPFLAGS=''
DEFS='-DPACKAGE_NAME=\"\" -DPACKAGE_TARNAME=\"\" -DPACKAGE_VERSION=\"\" -DPACKAGE_STRING=\"\" -DPACKAGE_BUGREPORT=\"\" -DPACKAGE_URL=\"\"'
ECHO_C=''
ECHO_N='-n'
ECHO_T=''
EXEEXT='.exe'
INSTALL_DATA='${INSTALL} -m 644'
INSTALL_PROGRAM='${INSTALL}'
INSTALL_SCRIPT='${INSTALL}'
JAVACFLAGS=''
JAVA_HOME='C:/Users/frejon/Desktop/jre1.8.0_51'
JAVA_INCLUDES='-IC:/Users/frejon/Desktop/jre1.8.0_51/include'
JAVA_INCLUDES_OS='-IC:/Users/frejon/Desktop/jre1.8.0_51/include/unsupported'
JAVA_LIBS_OS='-IC:/Users/frejon/Desktop/jre1.8.0_51/jre/lib/i386:C:/Users/frejon/Desktop/jre1.8.0_51/jre/lib/i386/xawt'
JAVA_SHLIB_SUFFIX=''
LDFLAGS=''
LIBOBJS=''
LIBS=''
LTLIBOBJS=''
OBJEXT='o'
PACKAGE_BUGREPORT=''
PACKAGE_NAME=''
PACKAGE_STRING=''
PACKAGE_TARNAME=''
PACKAGE_URL=''
PACKAGE_VERSION=''
PATH_SEPARATOR=':'
PLATFORM='unsupported'
RM='rm'
SHELL='/bin/sh'
SHLIB_BUILD_FLAGS=''
SHLIB_CFLAGS='-fPIC'
SHLIB_PREFIX=''
SHLIB_SUFFIX=''
ac_ct_CC='gcc'
bindir='${exec_prefix}/bin'
build='i686-pc-mingw32'
build_alias=''
build_cpu='i686'
build_os='mingw32'
build_vendor='pc'
datadir='${datarootdir}'
datarootdir='${prefix}/share'
docdir='${datarootdir}/doc/${PACKAGE}'
dvidir='${docdir}'
exec_prefix='${prefix}'
host='i686-pc-mingw32'
host_alias=''
host_cpu='i686'
host_os='mingw32'
host_vendor='pc'
htmldir='${docdir}'
includedir='${prefix}/include'
infodir='${datarootdir}/info'
libdir='${exec_prefix}/lib'
libexecdir='${exec_prefix}/libexec'
localedir='${datarootdir}/locale'
localstatedir='${prefix}/var'
mandir='${datarootdir}/man'
oldincludedir='/usr/include'
ovtversion='3.0'
pdfdir='${docdir}'
prefix='/usr/local'
program_transform_name='s,x,x,'
psdir='${docdir}'
sbindir='${exec_prefix}/sbin'
sharedstatedir='${prefix}/com'
sysconfdir='${prefix}/etc'
target_alias=''

## ----------- ##
## confdefs.h. ##
## ----------- ##

/* confdefs.h */
#define PACKAGE_NAME ""
#define PACKAGE_TARNAME ""
#define PACKAGE_VERSION ""
#define PACKAGE_STRING ""
#define PACKAGE_BUGREPORT ""
#define PACKAGE_URL ""

configure: exit 0
